<?xml version="1.0" encoding="UTF-8"?>
<!-- Generated by org.testng.reporters.JUnitReportReporter -->
<testsuite skipped="0" hostname="DESKTOP-S4HCHPE" name="testCases.UpcomingBikes" tests="1" failures="0" timestamp="2021-03-19T16:51:12 IST" time="32.459" errors="0">
  <testcase name="searchUpcomingBikes" time="32.459" classname="testCases.UpcomingBikes"/>
  <system-out/>
</testsuite> <!-- testCases.UpcomingBikes -->
