<?xml version="1.0" encoding="UTF-8"?>
<!-- Generated by org.testng.reporters.JUnitReportReporter -->
<testsuite skipped="0" hostname="DESKTOP-S4HCHPE" name="testCases.usedCars" tests="1" failures="0" timestamp="2021-03-19T16:51:12 IST" time="37.042" errors="0">
  <testcase name="searchUsedCars" time="37.042" classname="testCases.usedCars"/>
  <system-out/>
</testsuite> <!-- testCases.usedCars -->
