<?xml version="1.0" encoding="UTF-8"?>
<!-- Generated by org.testng.reporters.JUnitReportReporter -->
<testsuite skipped="0" hostname="DESKTOP-S4HCHPE" name="testCases.Login" tests="1" failures="0" timestamp="2021-03-23T10:13:32 IST" time="28.540" errors="0">
  <testcase name="login" time="28.540" classname="testCases.Login"/>
  <system-out/>
</testsuite> <!-- testCases.Login -->
