<?xml version="1.0" encoding="UTF-8"?>
<!-- Generated by org.testng.reporters.JUnitReportReporter -->
<testsuite skipped="0" hostname="DESKTOP-S4HCHPE" name="testCases.allTestCases" tests="3" failures="0" timestamp="2021-03-17T15:39:32 IST" time="63.073" errors="0">
  <testcase name="searchUsedCars" time="14.170" classname="testCases.allTestCases"/>
  <system-out/>
  <testcase name="login" time="19.013" classname="testCases.allTestCases"/>
  <system-out/>
  <testcase name="searchUpcomingBikes" time="29.890" classname="testCases.allTestCases"/>
  <system-out/>
</testsuite> <!-- testCases.allTestCases -->
